{"contracts/MerchantSubscription.sol":{"l":{"37":5,"38":4,"42":8,"43":4,"50":2,"52":1,"53":1,"54":1,"59":4,"63":3,"65":1,"67":1,"71":6,"75":4,"77":3,"79":3,"83":1,"85":1,"87":1},"path":"/Users/kornel/Projects/LD/coinfix.io-smart-contracts/contracts/MerchantSubscription.sol","s":{"1":5,"2":8,"3":2,"4":1,"5":1,"6":1,"7":4,"8":3,"9":1,"10":6,"11":4,"12":3,"13":3,"14":1,"15":1,"16":1},"b":{"1":[4,1],"2":[4,4],"3":[1,1],"4":[1,2],"5":[3,1],"6":[1,0]},"f":{"1":5,"2":8,"3":2,"4":4,"5":3,"6":6,"7":4,"8":1},"fnMap":{"1":{"name":"onlyMerchant","line":36,"loc":{"start":{"line":36,"column":1},"end":{"line":36,"column":23}}},"2":{"name":"allowDeposit","line":41,"loc":{"start":{"line":41,"column":1},"end":{"line":41,"column":23}}},"3":{"name":"MerchantSubscription","line":49,"loc":{"start":{"line":49,"column":1},"end":{"line":49,"column":71}}},"4":{"name":null,"line":58,"loc":{"start":{"line":58,"column":1},"end":{"line":58,"column":40}}},"5":{"name":"withdrawal","line":62,"loc":{"start":{"line":62,"column":1},"end":{"line":62,"column":61}}},"6":{"name":"getBalance","line":70,"loc":{"start":{"line":70,"column":1},"end":{"line":70,"column":50}}},"7":{"name":"activate","line":74,"loc":{"start":{"line":74,"column":1},"end":{"line":74,"column":41}}},"8":{"name":"close","line":82,"loc":{"start":{"line":82,"column":1},"end":{"line":82,"column":35}}}},"statementMap":{"1":{"start":{"line":37,"column":2},"end":{"line":37,"column":32}},"2":{"start":{"line":42,"column":2},"end":{"line":42,"column":56}},"3":{"start":{"line":50,"column":2},"end":{"line":50,"column":26}},"4":{"start":{"line":52,"column":2},"end":{"line":52,"column":21}},"5":{"start":{"line":53,"column":2},"end":{"line":53,"column":19}},"6":{"start":{"line":54,"column":2},"end":{"line":54,"column":13}},"7":{"start":{"line":59,"column":2},"end":{"line":59,"column":47}},"8":{"start":{"line":63,"column":2},"end":{"line":63,"column":42}},"9":{"start":{"line":67,"column":2},"end":{"line":67,"column":50}},"10":{"start":{"line":71,"column":2},"end":{"line":71,"column":21}},"11":{"start":{"line":75,"column":2},"end":{"line":75,"column":26}},"12":{"start":{"line":77,"column":2},"end":{"line":77,"column":23}},"13":{"start":{"line":79,"column":2},"end":{"line":79,"column":24}},"14":{"start":{"line":83,"column":2},"end":{"line":83,"column":26}},"15":{"start":{"line":85,"column":2},"end":{"line":85,"column":23}},"16":{"start":{"line":87,"column":2},"end":{"line":87,"column":21}}},"branchMap":{"1":{"line":37,"type":"if","locations":[{"start":{"line":37,"column":2},"end":{"line":37,"column":2}},{"start":{"line":37,"column":2},"end":{"line":37,"column":2}}]},"2":{"line":42,"type":"if","locations":[{"start":{"line":42,"column":2},"end":{"line":42,"column":2}},{"start":{"line":42,"column":2},"end":{"line":42,"column":2}}]},"3":{"line":50,"type":"if","locations":[{"start":{"line":50,"column":2},"end":{"line":50,"column":2}},{"start":{"line":50,"column":2},"end":{"line":50,"column":2}}]},"4":{"line":63,"type":"if","locations":[{"start":{"line":63,"column":2},"end":{"line":63,"column":2}},{"start":{"line":63,"column":2},"end":{"line":63,"column":2}}]},"5":{"line":75,"type":"if","locations":[{"start":{"line":75,"column":2},"end":{"line":75,"column":2}},{"start":{"line":75,"column":2},"end":{"line":75,"column":2}}]},"6":{"line":83,"type":"if","locations":[{"start":{"line":83,"column":2},"end":{"line":83,"column":2}},{"start":{"line":83,"column":2},"end":{"line":83,"column":2}}]}}}}