TN:
SF:/Users/kornel/Projects/LD/coinfix.io-smart-contracts/contracts/MerchantSubscription.sol
FN:36,onlyMerchant
FN:41,allowDeposit
FN:49,MerchantSubscription
FN:58,
FN:62,withdrawal
FN:70,getBalance
FN:74,activate
FN:82,close
FNF:8
FNH:8
FNDA:5,onlyMerchant
FNDA:8,allowDeposit
FNDA:2,MerchantSubscription
FNDA:4,
FNDA:3,withdrawal
FNDA:6,getBalance
FNDA:4,activate
FNDA:1,close
DA:37,5
DA:38,4
DA:42,8
DA:43,4
DA:50,2
DA:52,1
DA:53,1
DA:54,1
DA:59,4
DA:63,3
DA:65,1
DA:67,1
DA:71,6
DA:75,4
DA:77,3
DA:79,3
DA:83,1
DA:85,1
DA:87,1
LF:19
LH:19
BRDA:37,1,0,4
BRDA:37,1,1,1
BRDA:42,2,0,4
BRDA:42,2,1,4
BRDA:50,3,0,1
BRDA:50,3,1,1
BRDA:63,4,0,1
BRDA:63,4,1,2
BRDA:75,5,0,3
BRDA:75,5,1,1
BRDA:83,6,0,1
BRDA:83,6,1,0
BRF:12
BRH:11
end_of_record
